This file contains any messages produced by compilers while
running configure, to aid debugging if configure makes a mistake.

It was created by configure, which was
generated by GNU Autoconf 2.52.  Invocation command line was

  $ configure --prefix=/code/oye/bundle

## ---------- ##
## Platform.  ##
## ---------- ##

hostname = zebu3-80
uname -m = i686
uname -r = 2.4.9-31smp
uname -s = Linux
uname -v = #1 SMP Tue Feb 26 06:55:00 EST 2002

/usr/bin/uname -p = unknown
/bin/uname -X     = unknown

/bin/arch              = i686
/usr/bin/arch -k       = unknown
/usr/convex/getsysinfo = unknown
hostinfo               = unknown
/bin/machine           = unknown
/usr/bin/oslevel       = unknown
/bin/universe          = unknown

PATH = /h/atd/oye/pl:/h/atd/oye/scripts:/h/atd/oye/bin:/usr/local/bin:/bin:/usr/bin:/usr/bin/X11:/h/atd/oye/xbin:/usr/sbin:.

## ------------ ##
## Core tests.  ##
## ------------ ##

configure:918: PATH=".;."; conftest.sh
configure: conftest.sh: command not found
configure:921: $? = 127
configure:939: checking for OS in Linux zebu3-80 2.4.9-31smp #1 SMP Tue Feb 26 06:55:00 EST 2002 i686 unknown
configure:959: result: IT'S Linux
configure:1015: checking for gcc
configure:1030: found /usr/bin/gcc
configure:1038: result: gcc
configure:1266: checking for C compiler version
configure:1269: gcc --version </dev/null >&5
2.96
configure:1272: $? = 0
configure:1274: gcc -v </dev/null >&5
Reading specs from /usr/lib/gcc-lib/i386-redhat-linux/2.96/specs
gcc version 2.96 20000731 (Red Hat Linux 7.1 2.96-98)
configure:1277: $? = 0
configure:1279: gcc -V </dev/null >&5
gcc: argument to `-V' is missing
configure:1282: $? = 1
configure:1302: checking for C compiler default output
configure:1305: gcc    conftest.c  >&5
configure:1308: $? = 0
configure:1337: result: a.out
configure:1342: checking whether the C compiler works
configure:1348: ./a.out
configure:1351: $? = 0
configure:1366: result: yes
configure:1373: checking whether we are cross compiling
configure:1375: result: no
configure:1378: checking for executable suffix
configure:1380: gcc -o conftest    conftest.c  >&5
configure:1383: $? = 0
configure:1405: result: 
configure:1411: checking for object suffix
configure:1429: gcc -c   conftest.c >&5
configure:1432: $? = 0
configure:1451: result: o
configure:1455: checking whether we are using the GNU C compiler
configure:1476: gcc -c   conftest.c >&5
configure:1479: $? = 0
configure:1482: test -s conftest.o
configure:1485: $? = 0
configure:1497: result: yes
configure:1503: checking whether gcc accepts -g
configure:1521: gcc -c -g  conftest.c >&5
configure:1524: $? = 0
configure:1527: test -s conftest.o
configure:1530: $? = 0
configure:1540: result: yes
configure:1567: gcc -c -g -O2  conftest.c >&5
conftest.c:2: parse error before `me'
configure:1570: $? = 1
configure: failed program was:
#ifndef __cplusplus
  choke me
#endif
configure:1674: checking how to run the C preprocessor
configure:1700: gcc -E  conftest.c
configure:1706: $? = 0
configure:1733: gcc -E  conftest.c
configure:1730:28: ac_nonexistent.h: No such file or directory
configure:1739: $? = 1
configure: failed program was:
#line 1729 "configure"
#include "confdefs.h"
#include <ac_nonexistent.h>
configure:1776: result: gcc -E
configure:1791: gcc -E  conftest.c
configure:1797: $? = 0
configure:1824: gcc -E  conftest.c
configure:1821:28: ac_nonexistent.h: No such file or directory
configure:1830: $? = 1
configure: failed program was:
#line 1820 "configure"
#include "confdefs.h"
#include <ac_nonexistent.h>
configure:1907: checking for a BSD compatible install
configure:1956: result: /usr/bin/install -c
configure:1968: checking whether ln -s works
configure:1972: result: yes
configure:1980: checking whether make sets ${MAKE}
configure:2000: result: yes
configure:2011: checking for main in -lm
configure:2031: gcc -o conftest -g -O2   conftest.c -lm   >&5
configure:2034: $? = 0
configure:2037: test -s conftest
configure:2040: $? = 0
configure:2051: result: yes
configure:2065: checking whether gcc needs -traditional
configure:2100: result: no
configure:2107: checking whether byte ordering is bigendian
configure:2132: gcc -c -g -O2  conftest.c >&5
configure:2135: $? = 0
configure:2138: test -s conftest.o
configure:2141: $? = 0
configure:2162: gcc -c -g -O2  conftest.c >&5
configure: In function `main':
configure:2153: `not' undeclared (first use in this function)
configure:2153: (Each undeclared identifier is reported only once
configure:2153: for each function it appears in.)
configure:2153: parse error before `big'
configure:2165: $? = 1
configure: failed program was:
#line 2145 "configure"
#include "confdefs.h"
#include <sys/types.h>
#include <sys/param.h>

int
main ()
{
#if BYTE_ORDER != BIG_ENDIAN
 not big endian
#endif

  ;
  return 0;
}
configure:2229: result: no
configure:2244: checking for X
configure:2453: result: libraries /usr/X11R6/lib, headers /usr/X11R6/include
configure:2592: gcc -o conftest -g -O2   conftest.c -lm   -L/usr/X11R6/lib -lX11 >&5
configure:2595: $? = 0
configure:2598: test -s conftest
configure:2601: $? = 0
configure:2727: checking for gethostbyname
configure:2764: gcc -o conftest -g -O2   conftest.c -lm  >&5
configure:2767: $? = 0
configure:2770: test -s conftest
configure:2773: $? = 0
configure:2783: result: yes
configure:2904: checking for connect
configure:2941: gcc -o conftest -g -O2   conftest.c -lm  >&5
configure:2944: $? = 0
configure:2947: test -s conftest
configure:2950: $? = 0
configure:2960: result: yes
configure:3020: checking for remove
configure:3057: gcc -o conftest -g -O2   conftest.c -lm  >&5
configure:3060: $? = 0
configure:3063: test -s conftest
configure:3066: $? = 0
configure:3076: result: yes
configure:3136: checking for shmat
configure:3173: gcc -o conftest -g -O2   conftest.c -lm  >&5
configure:3176: $? = 0
configure:3179: test -s conftest
configure:3182: $? = 0
configure:3192: result: yes
configure:3261: checking for IceConnectionNumber in -lICE
configure:3288: gcc -o conftest -g -O2   -L/usr/X11R6/lib conftest.c -lICE  -lm  >&5
configure:3291: $? = 0
configure:3294: test -s conftest
configure:3297: $? = 0
configure:3308: result: yes
configure:3328: checking "for glib.h "
configure:3335: result: found in /usr/local/include/glib-1.2
configure:3340: checking "for netcdf.h "
configure:3347: result: found in /usr/local/include
configure:3352: checking "for libnetcdf.a "
configure:3359: result: found in /local/lib 
configure:3359: result: found in /usr/local/lib 
configure:3364: checking "for FORTRAN "
configure:3379: result: WHICHFORTRAN: g77 
configure:3492: result: GTKLIBS: -L/usr/local/lib -L/usr/X11R6/lib -lgtk -lgdk -L/usr/lib -rdynamic -lgmodule -lglib -ldl -lXext -lX11 -lm 
configure:3494: result: GTKINCLUDES: -I/usr/local/include/gtk-1.2 -I/usr/lib/glib/include -I/usr/X11R6/include 
configure:3496: result: CC: gcc 
configure:3498: result: CFLAGS: -g -O2 
configure:3500: result: FCFLAGS: -g 
configure:3502: result: LIBS: -lm  -L/usr/local/lib -lnetcdf -lncurses 
configure:3504: result: FLIBS: -lm -L/usr/local/lib -lnetcdf 
configure:3506: result: LOCAL_INCLUDES: -I./ -I${SOLODIR}/include -I/usr/local/include/glib-1.2 -I/usr/local/include 
configure:3508: result: DAPLIB: libdap.a 
configure:3510: result: WHICHFORTRAN: g77 
configure:3512: result: LOCAL_DEFS: -DUNIX -DLITTLENDIAN -DNETCDF 
configure:3514: result: WHICH_SHELL: /bin/sh 
configure:3516: result: WHICH_INSTALL: /code/oye/bundle/soloii/install-sh 
configure:3518: result: FCSTATICFLAG: -static 
configure:3520: result: REODORADE_LIBS:  
configure:3522: result: SOLODIR: /code/oye/bundle/soloii 
configure:3524: result: SOLOLIBDIR: ${LIBDIR} 
configure:3526: result: SOLOBINDIR: ${BINDIR} 
configure:3528: result: exec_prefix: NONE 
configure:3530: result: libdir: ${exec_prefix}/lib 
configure:3532: result: bindir: ${exec_prefix}/bin 
configure:3548: result: CFLAGS: -g 
configure:3666: creating ./config.status

## ----------------------- ##
## Running config.status.  ##
## ----------------------- ##

This file was extended by config.status 2.52, executed with
  CONFIG_FILES    = 
  CONFIG_HEADERS  = 
  CONFIG_LINKS    = 
  CONFIG_COMMANDS = 
  > ./config.status 
on zebu3-80

config.status:4118: creating editor/Makefile
config.status:4118: creating perusal/Makefile
config.status:4118: creating translate/Makefile
config.status:4118: creating Makefile

## ----------------- ##
## Cache variables.  ##
## ----------------- ##

ac_cv_c_bigendian=no
ac_cv_c_compiler_gnu=yes
ac_cv_env_CC_set=
ac_cv_env_CC_value=
ac_cv_env_CFLAGS_set=
ac_cv_env_CFLAGS_value=
ac_cv_env_CPPFLAGS_set=
ac_cv_env_CPPFLAGS_value=
ac_cv_env_CPP_set=
ac_cv_env_CPP_value=
ac_cv_env_LDFLAGS_set=
ac_cv_env_LDFLAGS_value=
ac_cv_env_build_alias_set=
ac_cv_env_build_alias_value=
ac_cv_env_host_alias_set=
ac_cv_env_host_alias_value=
ac_cv_env_target_alias_set=
ac_cv_env_target_alias_value=
ac_cv_func_connect=yes
ac_cv_func_gethostbyname=yes
ac_cv_func_remove=yes
ac_cv_func_shmat=yes
ac_cv_have_x=$'have_x=yes \t\tac_x_includes=/usr/X11R6/include ac_x_libraries=/usr/X11R6/lib'
ac_cv_lib_ICE_IceConnectionNumber=yes
ac_cv_lib_m_main=yes
ac_cv_objext=o
ac_cv_path_install=$'/usr/bin/install -c'
ac_cv_prog_CPP=$'gcc -E'
ac_cv_prog_ac_ct_CC=gcc
ac_cv_prog_cc_g=yes
ac_cv_prog_gcc_traditional=no
ac_cv_prog_make_make_set=yes

## ------------ ##
## confdefs.h.  ##
## ------------ ##

#define HAVE_LIBM 1


configure: exit 0
